<?xml version="1.0" encoding="utf-8"?><testsuites name="pytest tests"><testsuite name="pytest" errors="0" failures="0" skipped="0" tests="49" time="171.875" timestamp="2026-05-05T10:04:13.723351+00:00" hostname="agent-env-80fdcf1a-4f93-43a7-b521-559aedccc880"><testcase classname="backend.tests.backend_test.TestRegisterIsu" name="test_isu_rejects_non_iastate" time="0.143" /><testcase classname="backend.tests.backend_test.TestRegisterIsu" name="test_isu_success_pending_email_and_gate_isu" time="0.652" /><testcase classname="backend.tests.backend_test.TestRegisterIsu" name="test_isu_otp_verify_makes_active_directly" time="1.229" /><testcase classname="backend.tests.backend_test.TestRegisterIsu" name="test_isu_duplicate_email_rejected" time="1.237" /><testcase classname="backend.tests.backend_test.TestRegisterInvite" name="test_invite_missing_code_422" time="0.103" /><testcase classname="backend.tests.backend_test.TestRegisterInvite" name="test_invite_invalid_code_400" time="0.130" /><testcase classname="backend.tests.backend_test.TestRegisterInvite" name="test_invite_used_code_400" time="0.898" /><testcase classname="backend.tests.backend_test.TestRegisterInvite" name="test_invite_success_pending_review_no_otp" time="1.194" /><testcase classname="backend.tests.backend_test.TestRegisterInvite" name="test_invite_user_cannot_use_verify_otp" time="0.815" /><testcase classname="backend.tests.backend_test.TestRegisterInvite" name="test_invite_status_blocks_posts" time="0.800" /><testcase classname="backend.tests.backend_test.TestAdminPending" name="test_pending_includes_recommender_and_stats" time="1.216" /><testcase classname="backend.tests.backend_test.TestAdminUserDetail" name="test_user_detail_shape" time="1.120" /><testcase classname="backend.tests.backend_test.TestAdminUserDetail" name="test_admin_user_detail_shows_invitees" time="63.290" /><testcase classname="backend.tests.backend_test.TestAdminInviteLog" name="test_invite_log_records_isu_and_invite" time="2.350" /><testcase classname="backend.tests.backend_test.TestOldEndpointRemoved" name="test_legacy_register_404" time="0.100" /><testcase classname="backend.tests.backend_test.TestExistingFlows" name="test_admin_login_me" time="0.408" /><testcase classname="backend.tests.backend_test.TestExistingFlows" name="test_admin_mint_keys" time="0.437" /><testcase classname="backend.tests.backend_test.TestExistingFlows" name="test_admin_post_and_boost_to_pillar" time="0.778" /><testcase classname="backend.tests.backend_test.TestExistingFlows" name="test_isu_active_user_can_post_after_otp" time="1.595" /><testcase classname="backend.tests.backend_test.TestExistingFlows" name="test_status_gate_blocks_invite_pending_review" time="0.988" /><testcase classname="backend.tests.backend_test.TestIdentityProtection" name="test_resend_key_not_in_any_response" time="0.609" /><testcase classname="backend.tests.backend_test.TestPillarRenameAndStatus" name="test_pillars_endpoint_works" time="0.425" /><testcase classname="backend.tests.backend_test.TestPillarRenameAndStatus" name="test_champions_alias_still_works" time="0.374" /><testcase classname="backend.tests.backend_test.TestPillarRenameAndStatus" name="test_pillars_and_champions_return_same_data" time="0.498" /><testcase classname="backend.tests.backend_test.TestPillarRenameAndStatus" name="test_pillars_includes_promoted_post_fields" time="0.636" /><testcase classname="backend.tests.backend_test.TestPillarRenameAndStatus" name="test_status_today_has_both_pillar_and_champion" time="0.424" /><testcase classname="backend.tests.backend_test.TestBatchAdmin" name="test_batch_approve_empty_list_400" time="0.415" /><testcase classname="backend.tests.backend_test.TestBatchAdmin" name="test_batch_reject_empty_list_400" time="0.380" /><testcase classname="backend.tests.backend_test.TestBatchAdmin" name="test_batch_approve_two_users" time="2.488" /><testcase classname="backend.tests.backend_test.TestBatchAdmin" name="test_batch_reject_two_users" time="64.671" /><testcase classname="backend.tests.backend_test.TestBatchAdmin" name="test_batch_approve_skips_non_pending" time="0.422" /><testcase classname="backend.tests.backend_test.TestRecommenderFlagsAndLeaderboard" name="test_pending_includes_recommender_flags" time="1.178" /><testcase classname="backend.tests.backend_test.TestRecommenderFlagsAndLeaderboard" name="test_leaderboard_returns_top_recommenders" time="0.393" /><testcase classname="backend.tests.backend_test.TestPillarMigration" name="test_no_legacy_champion_only_keys_in_db" time="0.005" /><testcase classname="backend.tests.backend_test.TestDevModeLogging" name="test_otp_log_present_when_dev" time="1.074" /><testcase classname="backend.tests.backend_test.TestAdminUserControl" name="test_user_search_no_params_returns_admin_with_counts" time="0.496" /><testcase classname="backend.tests.backend_test.TestAdminUserControl" name="test_user_search_requires_admin" time="1.162" /><testcase classname="backend.tests.backend_test.TestAdminUserControl" name="test_user_search_q_regex_match" time="0.370" /><testcase classname="backend.tests.backend_test.TestAdminUserControl" name="test_user_search_status_filter_pending" time="1.125" /><testcase classname="backend.tests.backend_test.TestAdminUserControl" name="test_user_search_gate_filter_isu" time="0.409" /><testcase classname="backend.tests.backend_test.TestAdminUserControl" name="test_ban_admin_forbidden" time="0.427" /><testcase classname="backend.tests.backend_test.TestAdminUserControl" name="test_ban_unban_regular_user_flow" time="2.522" /><testcase classname="backend.tests.backend_test.TestAdminUserControl" name="test_ban_nonexistent_user_404" time="0.389" /><testcase classname="backend.tests.backend_test.TestAdminUserControl" name="test_csv_export_attachment_and_rows" time="0.391" /><testcase classname="backend.tests.backend_test.TestAdminUserControl" name="test_csv_export_requires_admin" time="1.118" /><testcase classname="backend.tests.backend_test.TestZRateLimits" name="test_isu_register_rate_limit_429" time="3.966" /><testcase classname="backend.tests.backend_test.TestZRateLimits" name="test_login_rate_limit_429" time="3.382" /><testcase classname="backend.tests.backend_test.TestZRateLimits" name="test_forgot_password_rate_limit_429" time="1.317" /><testcase classname="backend.tests.backend_test.TestZRateLimits" name="test_invite_register_rate_limit_429" time="1.167" /></testsuite></testsuites>