<?xml version="1.0" encoding="utf-8"?><testsuites name="pytest tests"><testsuite name="pytest" errors="0" failures="1" skipped="0" tests="21" time="15.565" timestamp="2026-05-05T09:37:07.859453+00:00" hostname="agent-env-80fdcf1a-4f93-43a7-b521-559aedccc880"><testcase classname="backend.tests.backend_test.TestRegisterIsu" name="test_isu_rejects_non_iastate" time="0.243" /><testcase classname="backend.tests.backend_test.TestRegisterIsu" name="test_isu_success_pending_email_and_gate_isu" time="0.554" /><testcase classname="backend.tests.backend_test.TestRegisterIsu" name="test_isu_otp_verify_makes_active_directly" time="1.157" /><testcase classname="backend.tests.backend_test.TestRegisterIsu" name="test_isu_duplicate_email_rejected" time="1.210" /><testcase classname="backend.tests.backend_test.TestRegisterInvite" name="test_invite_missing_code_422" time="0.100" /><testcase classname="backend.tests.backend_test.TestRegisterInvite" name="test_invite_invalid_code_400" time="0.102" /><testcase classname="backend.tests.backend_test.TestRegisterInvite" name="test_invite_used_code_400" time="0.816" /><testcase classname="backend.tests.backend_test.TestRegisterInvite" name="test_invite_success_pending_review_no_otp" time="1.083" /><testcase classname="backend.tests.backend_test.TestRegisterInvite" name="test_invite_user_cannot_use_verify_otp" time="0.783" /><testcase classname="backend.tests.backend_test.TestRegisterInvite" name="test_invite_status_blocks_posts" time="0.749" /><testcase classname="backend.tests.backend_test.TestAdminPending" name="test_pending_includes_recommender_and_stats" time="1.099" /><testcase classname="backend.tests.backend_test.TestAdminUserDetail" name="test_user_detail_shape" time="1.104" /><testcase classname="backend.tests.backend_test.TestAdminUserDetail" name="test_admin_user_detail_shows_invitees" time="1.103" /><testcase classname="backend.tests.backend_test.TestAdminInviteLog" name="test_invite_log_records_isu_and_invite" time="0.850"><failure message="assert 429 == 200&#10; +  where 429 = &lt;Response [429]&gt;.status_code">backend/tests/backend_test.py:256: in test_invite_log_records_isu_and_invite
    assert ri.status_code == 200
E   assert 429 == 200
E    +  where 429 = &lt;Response [429]&gt;.status_code</failure></testcase><testcase classname="backend.tests.backend_test.TestOldEndpointRemoved" name="test_legacy_register_404" time="0.110" /><testcase classname="backend.tests.backend_test.TestExistingFlows" name="test_admin_login_me" time="0.372" /><testcase classname="backend.tests.backend_test.TestExistingFlows" name="test_admin_mint_keys" time="0.369" /><testcase classname="backend.tests.backend_test.TestExistingFlows" name="test_admin_post_and_boost_to_champion" time="0.607" /><testcase classname="backend.tests.backend_test.TestExistingFlows" name="test_isu_active_user_can_post_after_otp" time="1.562" /><testcase classname="backend.tests.backend_test.TestExistingFlows" name="test_status_gate_blocks_invite_pending_review" time="0.853" /><testcase classname="backend.tests.backend_test.TestIdentityProtection" name="test_resend_key_not_in_any_response" time="0.567" /></testsuite></testsuites>