<?xml version="1.0" encoding="utf-8"?><testsuites name="pytest tests"><testsuite name="pytest" errors="0" failures="1" skipped="0" tests="39" time="159.130" timestamp="2026-05-05T09:45:32.305930+00:00" hostname="agent-env-80fdcf1a-4f93-43a7-b521-559aedccc880"><testcase classname="backend.tests.backend_test.TestRegisterIsu" name="test_isu_rejects_non_iastate" time="0.191" /><testcase classname="backend.tests.backend_test.TestRegisterIsu" name="test_isu_success_pending_email_and_gate_isu" time="0.620" /><testcase classname="backend.tests.backend_test.TestRegisterIsu" name="test_isu_otp_verify_makes_active_directly" time="1.192" /><testcase classname="backend.tests.backend_test.TestRegisterIsu" name="test_isu_duplicate_email_rejected" time="1.148" /><testcase classname="backend.tests.backend_test.TestRegisterInvite" name="test_invite_missing_code_422" time="0.095" /><testcase classname="backend.tests.backend_test.TestRegisterInvite" name="test_invite_invalid_code_400" time="0.105" /><testcase classname="backend.tests.backend_test.TestRegisterInvite" name="test_invite_used_code_400" time="0.820" /><testcase classname="backend.tests.backend_test.TestRegisterInvite" name="test_invite_success_pending_review_no_otp" time="1.054" /><testcase classname="backend.tests.backend_test.TestRegisterInvite" name="test_invite_user_cannot_use_verify_otp" time="0.824" /><testcase classname="backend.tests.backend_test.TestRegisterInvite" name="test_invite_status_blocks_posts" time="0.771" /><testcase classname="backend.tests.backend_test.TestAdminPending" name="test_pending_includes_recommender_and_stats" time="1.103" /><testcase classname="backend.tests.backend_test.TestAdminUserDetail" name="test_user_detail_shape" time="63.297" /><testcase classname="backend.tests.backend_test.TestAdminUserDetail" name="test_admin_user_detail_shows_invitees" time="1.156" /><testcase classname="backend.tests.backend_test.TestAdminInviteLog" name="test_invite_log_records_isu_and_invite" time="2.285" /><testcase classname="backend.tests.backend_test.TestOldEndpointRemoved" name="test_legacy_register_404" time="0.096" /><testcase classname="backend.tests.backend_test.TestExistingFlows" name="test_admin_login_me" time="0.386" /><testcase classname="backend.tests.backend_test.TestExistingFlows" name="test_admin_mint_keys" time="0.404" /><testcase classname="backend.tests.backend_test.TestExistingFlows" name="test_admin_post_and_boost_to_pillar" time="0.674" /><testcase classname="backend.tests.backend_test.TestExistingFlows" name="test_isu_active_user_can_post_after_otp" time="1.780" /><testcase classname="backend.tests.backend_test.TestExistingFlows" name="test_status_gate_blocks_invite_pending_review" time="0.860" /><testcase classname="backend.tests.backend_test.TestIdentityProtection" name="test_resend_key_not_in_any_response" time="0.616" /><testcase classname="backend.tests.backend_test.TestPillarRenameAndStatus" name="test_pillars_endpoint_works" time="0.382" /><testcase classname="backend.tests.backend_test.TestPillarRenameAndStatus" name="test_champions_alias_still_works" time="0.381" /><testcase classname="backend.tests.backend_test.TestPillarRenameAndStatus" name="test_pillars_and_champions_return_same_data" time="62.559" /><testcase classname="backend.tests.backend_test.TestPillarRenameAndStatus" name="test_pillars_includes_promoted_post_fields" time="0.579" /><testcase classname="backend.tests.backend_test.TestPillarRenameAndStatus" name="test_status_today_has_both_pillar_and_champion" time="0.365" /><testcase classname="backend.tests.backend_test.TestBatchAdmin" name="test_batch_approve_empty_list_400" time="0.366" /><testcase classname="backend.tests.backend_test.TestBatchAdmin" name="test_batch_reject_empty_list_400" time="0.378" /><testcase classname="backend.tests.backend_test.TestBatchAdmin" name="test_batch_approve_two_users" time="2.360" /><testcase classname="backend.tests.backend_test.TestBatchAdmin" name="test_batch_reject_two_users" time="2.277" /><testcase classname="backend.tests.backend_test.TestBatchAdmin" name="test_batch_approve_skips_non_pending" time="0.425" /><testcase classname="backend.tests.backend_test.TestRecommenderFlagsAndLeaderboard" name="test_pending_includes_recommender_flags" time="1.192" /><testcase classname="backend.tests.backend_test.TestRecommenderFlagsAndLeaderboard" name="test_leaderboard_returns_top_recommenders" time="0.366" /><testcase classname="backend.tests.backend_test.TestPillarMigration" name="test_no_legacy_champion_only_keys_in_db" time="0.005" /><testcase classname="backend.tests.backend_test.TestDevModeLogging" name="test_otp_log_present_when_dev" time="1.069" /><testcase classname="backend.tests.backend_test.TestZRateLimits" name="test_isu_register_rate_limit_429" time="3.517"><failure message="AssertionError: Expected 429 in [200, 200, 200, 200, 200, 200, 200]&#10;assert 429 in [200, 200, 200, 200, 200, 200, ...]">backend/tests/backend_test.py:561: in test_isu_register_rate_limit_429
    assert 429 in codes, f"Expected 429 in {codes}"
E   AssertionError: Expected 429 in [200, 200, 200, 200, 200, 200, 200]
E   assert 429 in [200, 200, 200, 200, 200, 200, ...]</failure></testcase><testcase classname="backend.tests.backend_test.TestZRateLimits" name="test_login_rate_limit_429" time="1.527" /><testcase classname="backend.tests.backend_test.TestZRateLimits" name="test_forgot_password_rate_limit_429" time="0.816" /><testcase classname="backend.tests.backend_test.TestZRateLimits" name="test_invite_register_rate_limit_429" time="0.853" /></testsuite></testsuites>