<?xml version="1.0" encoding="utf-8"?><testsuites name="pytest tests"><testsuite name="pytest" errors="0" failures="1" skipped="0" tests="13" time="7.165" timestamp="2026-05-05T07:51:28.904643+00:00" hostname="agent-env-80fdcf1a-4f93-43a7-b521-559aedccc880"><testcase classname="backend_test.TestAuth" name="test_admin_login" time="0.456" /><testcase classname="backend_test.TestAuth" name="test_register_login_me_logout" time="0.369"><failure message="AssertionError: assert 'test_16c62b05@example.com' == 'TEST_16c62b05@example.com'&#10;  &#10;  - TEST_16c62b05@example.com&#10;  ? ^^^^&#10;  + test_16c62b05@example.com&#10;  ? ^^^^">backend_test.py:49: in test_register_login_me_logout
    assert user["email"] == payload["email"]
E   AssertionError: assert 'test_16c62b05@example.com' == 'TEST_16c62b05@example.com'
E     
E     - TEST_16c62b05@example.com
E     ? ^^^^
E     + test_16c62b05@example.com
E     ? ^^^^</failure></testcase><testcase classname="backend_test.TestAuth" name="test_duplicate_email_and_nickname" time="0.570" /><testcase classname="backend_test.TestAuth" name="test_wrong_password" time="0.329" /><testcase classname="backend_test.TestAuth" name="test_me_without_auth" time="0.112" /><testcase classname="backend_test.TestPosts" name="test_quota_initial" time="0.368" /><testcase classname="backend_test.TestPosts" name="test_create_list_get_like_delete" time="0.687" /><testcase classname="backend_test.TestPosts" name="test_daily_limit" time="0.641" /><testcase classname="backend_test.TestPosts" name="test_invalid_category" time="0.425" /><testcase classname="backend_test.TestPosts" name="test_delete_other_user_forbidden" time="0.776" /><testcase classname="backend_test.TestComments" name="test_comment_flow" time="0.606" /><testcase classname="backend_test.TestMessages" name="test_dm_flow" time="0.988" /><testcase classname="backend_test.TestMessages" name="test_search" time="0.689" /></testsuite></testsuites>