<?xml version="1.0" encoding="utf-8"?><testsuites name="pytest tests"><testsuite name="pytest" errors="0" failures="0" skipped="0" tests="22" time="32.771" timestamp="2026-05-05T08:52:55.954630+00:00" hostname="agent-env-80fdcf1a-4f93-43a7-b521-559aedccc880"><testcase classname="backend.tests.backend_test.TestRegistrationGate" name="test_register_requires_iastate_domain" time="0.640" /><testcase classname="backend.tests.backend_test.TestRegistrationGate" name="test_register_invalid_key_rejected" time="0.102" /><testcase classname="backend.tests.backend_test.TestRegistrationGate" name="test_register_missing_key_field" time="0.128" /><testcase classname="backend.tests.backend_test.TestRegistrationGate" name="test_register_success_pending_email_and_consumes_key" time="1.333" /><testcase classname="backend.tests.backend_test.TestRegistrationGate" name="test_used_key_cannot_be_reused" time="0.976" /><testcase classname="backend.tests.backend_test.TestOtpFlow" name="test_verify_otp_success" time="1.404" /><testcase classname="backend.tests.backend_test.TestOtpFlow" name="test_verify_wrong_code_5_attempts_then_429" time="1.313" /><testcase classname="backend.tests.backend_test.TestOtpFlow" name="test_resend_otp_invalidates_old" time="3.210" /><testcase classname="backend.tests.backend_test.TestStatusGate" name="test_pending_email_blocked_from_posts_and_messages" time="1.091" /><testcase classname="backend.tests.backend_test.TestStatusGate" name="test_pending_review_blocked" time="1.533" /><testcase classname="backend.tests.backend_test.TestAdminApproval" name="test_pending_list_includes_recommended_by" time="1.840" /><testcase classname="backend.tests.backend_test.TestAdminApproval" name="test_approve_makes_active" time="2.020" /><testcase classname="backend.tests.backend_test.TestAdminApproval" name="test_reject_blocks" time="2.065" /><testcase classname="backend.tests.backend_test.TestAdminKeys" name="test_mint_and_list" time="0.409" /><testcase classname="backend.tests.backend_test.TestAdminKeys" name="test_non_admin_cannot_mint" time="1.961" /><testcase classname="backend.tests.backend_test.TestShadowMode" name="test_admin_as_admin_label_and_non_admin_403" time="2.583" /><testcase classname="backend.tests.backend_test.TestBoostChampion" name="test_boost_creates_champion_and_grants_one_time_key" time="3.281" /><testcase classname="backend.tests.backend_test.TestChampionBoard" name="test_champions_endpoint_and_feed_exclusion" time="2.695" /><testcase classname="backend.tests.backend_test.TestPasswordReset" name="test_forgot_silent_unknown" time="0.124" /><testcase classname="backend.tests.backend_test.TestPasswordReset" name="test_forgot_then_reset_then_login" time="3.447" /><testcase classname="backend.tests.backend_test.TestPasswordReset" name="test_reset_invalid_token" time="0.103" /><testcase classname="backend.tests.backend_test.TestAdminAuth" name="test_admin_login_and_me" time="0.369" /></testsuite></testsuites>